# JRE version: OpenJDK Runtime Environment (17.0.11) (build 17.0.11+0--11852314)
# Java VM: OpenJDK 64-Bit Server VM (17.0.11+0--11852314, mixed mode, tiered, compressed oops, compressed class ptrs, g1 gc, windows-amd64)
GC Precious Log:
 CPUs: 6 total, 6 available
 Memory: 8103M
 Large Page Support: Disabled
 NUMA Support: Disabled
 Compressed Oops: Enabled (32-bit)
 Heap Region Size: 1M
 Heap Min Capacity: 8M
 Heap Initial Capacity: 128M
 Heap Max Capacity: 2G
 Pre-touch: Disabled
 Parallel Workers: 6
 Concurrent Workers: 2
 Concurrent Refinement Workers: 6
 Periodic GC: Disabled
Heap:
 garbage-first heap   total 477184K, used 109271K [0x0000000080000000, 0x0000000100000000)
  region size 1024K, 3 young (3072K), 3 survivors (3072K)
 Metaspace       used 137624K, committed 138880K, reserved 1179648K
  class space    used 18767K, committed 19392K, reserved 1048576K
GC Heap History (20 events):
Event: 2140.113 GC heap after
{Heap after GC invocations=58 (full 0):
 garbage-first heap   total 430080K, used 131093K [0x0000000080000000, 0x0000000100000000)
  region size 1024K, 3 young (3072K), 3 survivors (3072K)
 Metaspace       used 136475K, committed 137536K, reserved 1179648K
  class space    used 18633K, committed 19136K, reserved 1048576K
}
Event: 2140.175 GC heap before
{Heap before GC invocations=58 (full 0):
 garbage-first heap   total 430080K, used 154645K [0x0000000080000000, 0x0000000100000000)
  region size 1024K, 27 young (27648K), 3 survivors (3072K)
 Metaspace       used 136487K, committed 137536K, reserved 1179648K
  class space    used 18633K, committed 19136K, reserved 1048576K
}
Event: 2140.183 GC heap after
{Heap after GC invocations=59 (full 0):
 garbage-first heap   total 430080K, used 139908K [0x0000000080000000, 0x0000000100000000)
  region size 1024K, 12 young (12288K), 12 survivors (12288K)
 Metaspace       used 136487K, committed 137536K, reserved 1179648K
  class space    used 18633K, committed 19136K, reserved 1048576K
}
Event: 2196.290 GC heap before
{Heap before GC invocations=60 (full 0):
 garbage-first heap   total 430080K, used 287364K [0x0000000080000000, 0x0000000100000000)
  region size 1024K, 129 young (132096K), 12 survivors (12288K)
 Metaspace       used 136748K, committed 137792K, reserved 1179648K
  class space    used 18636K, committed 19136K, reserved 1048576K
}
Event: 2196.302 GC heap after
{Heap after GC invocations=61 (full 0):
 garbage-first heap   total 430080K, used 141023K [0x0000000080000000, 0x0000000100000000)
  region size 1024K, 8 young (8192K), 8 survivors (8192K)
 Metaspace       used 136748K, committed 137792K, reserved 1179648K
  class space    used 18636K, committed 19136K, reserved 1048576K
}
Event: 2196.367 GC heap before
{Heap before GC invocations=61 (full 0):
 garbage-first heap   total 430080K, used 155358K [0x0000000080000000, 0x0000000100000000)
  region size 1024K, 21 young (21504K), 8 survivors (8192K)
 Metaspace       used 136785K, committed 137920K, reserved 1179648K
  class space    used 18644K, committed 19200K, reserved 1048576K
}
Event: 2196.380 GC heap after
{Heap after GC invocations=62 (full 0):
 garbage-first heap   total 430080K, used 133736K [0x0000000080000000, 0x0000000100000000)
  region size 1024K, 3 young (3072K), 3 survivors (3072K)
 Metaspace       used 136785K, committed 137920K, reserved 1179648K
  class space    used 18644K, committed 19200K, reserved 1048576K
}
Event: 2196.461 GC heap before
{Heap before GC invocations=62 (full 0):
 garbage-first heap   total 430080K, used 167528K [0x0000000080000000, 0x0000000100000000)
  region size 1024K, 38 young (38912K), 3 survivors (3072K)
 Metaspace       used 136802K, committed 137920K, reserved 1179648K
  class space    used 18644K, committed 19200K, reserved 1048576K
}
Event: 2196.473 GC heap after
{Heap after GC invocations=63 (full 0):
 garbage-first heap   total 430080K, used 152970K [0x0000000080000000, 0x0000000100000000)
  region size 1024K, 18 young (18432K), 18 survivors (18432K)
 Metaspace       used 136802K, committed 137920K, reserved 1179648K
  class space    used 18644K, committed 19200K, reserved 1048576K
}
Event: 2211.425 GC heap before
{Heap before GC invocations=64 (full 0):
 garbage-first heap   total 430080K, used 276874K [0x0000000080000000, 0x0000000100000000)
  region size 1024K, 123 young (125952K), 18 survivors (18432K)
 Metaspace       used 137363K, committed 138688K, reserved 1179648K
  class space    used 18766K, committed 19392K, reserved 1048576K
}
Event: 2211.439 GC heap after
{Heap after GC invocations=65 (full 0):
 garbage-first heap   total 430080K, used 146391K [0x0000000080000000, 0x0000000100000000)
  region size 1024K, 7 young (7168K), 7 survivors (7168K)
 Metaspace       used 137363K, committed 138688K, reserved 1179648K
  class space    used 18766K, committed 19392K, reserved 1048576K
}
Event: 2211.526 GC heap before
{Heap before GC invocations=65 (full 0):
 garbage-first heap   total 430080K, used 160727K [0x0000000080000000, 0x0000000100000000)
  region size 1024K, 21 young (21504K), 7 survivors (7168K)
 Metaspace       used 137417K, committed 138752K, reserved 1179648K
  class space    used 18766K, committed 19392K, reserved 1048576K
}
Event: 2211.536 GC heap after
{Heap after GC invocations=66 (full 0):
 garbage-first heap   total 430080K, used 136067K [0x0000000080000000, 0x0000000100000000)
  region size 1024K, 3 young (3072K), 3 survivors (3072K)
 Metaspace       used 137417K, committed 138752K, reserved 1179648K
  class space    used 18766K, committed 19392K, reserved 1048576K
}
Event: 2211.562 GC heap before
{Heap before GC invocations=66 (full 0):
 garbage-first heap   total 430080K, used 139139K [0x0000000080000000, 0x0000000100000000)
  region size 1024K, 8 young (8192K), 3 survivors (3072K)
 Metaspace       used 137423K, committed 138752K, reserved 1179648K
  class space    used 18766K, committed 19392K, reserved 1048576K
}
Event: 2211.566 GC heap after
{Heap after GC invocations=67 (full 0):
 garbage-first heap   total 430080K, used 135774K [0x0000000080000000, 0x0000000100000000)
  region size 1024K, 3 young (3072K), 3 survivors (3072K)
 Metaspace       used 137423K, committed 138752K, reserved 1179648K
  class space    used 18766K, committed 19392K, reserved 1048576K
}
Event: 2246.380 GC heap before
{Heap before GC invocations=68 (full 0):
 garbage-first heap   total 430080K, used 289457K [0x0000000080000000, 0x0000000100000000)
  region size 1024K, 143 young (146432K), 3 survivors (3072K)
 Metaspace       used 137564K, committed 138880K, reserved 1179648K
  class space    used 18767K, committed 19392K, reserved 1048576K
}
Event: 2246.386 GC heap after
{Heap after GC invocations=69 (full 0):
 garbage-first heap   total 430080K, used 120243K [0x0000000080000000, 0x0000000100000000)
  region size 1024K, 8 young (8192K), 8 survivors (8192K)
 Metaspace       used 137564K, committed 138880K, reserved 1179648K
  class space    used 18767K, committed 19392K, reserved 1048576K
}
Event: 2246.458 GC heap before
{Heap before GC invocations=69 (full 0):
 garbage-first heap   total 430080K, used 133555K [0x0000000080000000, 0x0000000100000000)
  region size 1024K, 21 young (21504K), 8 survivors (8192K)
 Metaspace       used 137618K, committed 138880K, reserved 1179648K
  class space    used 18767K, committed 19392K, reserved 1048576K
}
Event: 2246.467 GC heap after
{Heap after GC invocations=70 (full 0):
 garbage-first heap   total 430080K, used 109267K [0x0000000080000000, 0x0000000100000000)
  region size 1024K, 3 young (3072K), 3 survivors (3072K)
 Metaspace       used 137618K, committed 138880K, reserved 1179648K
  class space    used 18767K, committed 19392K, reserved 1048576K
}
Event: 2246.497 GC heap before
{Heap before GC invocations=70 (full 0):
 garbage-first heap   total 430080K, used 114387K [0x0000000080000000, 0x0000000100000000)
  region size 1024K, 10 young (10240K), 3 survivors (3072K)
 Metaspace       used 137624K, committed 138880K, reserved 1179648K
  class space    used 18767K, committed 19392K, reserved 1048576K
}

