# JRE version: OpenJDK Runtime Environment (17.0.11) (build 17.0.11+0--11852314)
# Java VM: OpenJDK 64-Bit Server VM (17.0.11+0--11852314, mixed mode, tiered, compressed oops, compressed class ptrs, g1 gc, windows-amd64)
GC Precious Log:
 CPUs: 6 total, 6 available
 Memory: 8103M
 Large Page Support: Disabled
 NUMA Support: Disabled
 Compressed Oops: Enabled (32-bit)
 Heap Region Size: 1M
 Heap Min Capacity: 8M
 Heap Initial Capacity: 128M
 Heap Max Capacity: 2G
 Pre-touch: Disabled
 Parallel Workers: 6
 Concurrent Workers: 2
 Concurrent Refinement Workers: 6
 Periodic GC: Disabled
Heap:
 garbage-first heap   total 276480K, used 141835K [0x0000000080000000, 0x0000000100000000)
  region size 1024K, 8 young (8192K), 8 survivors (8192K)
 Metaspace       used 119264K, committed 120320K, reserved 1179648K
  class space    used 15990K, committed 16512K, reserved 1048576K
GC Heap History (20 events):
Event: 334.802 GC heap after
{Heap after GC invocations=44 (full 0):
 garbage-first heap   total 259072K, used 118247K [0x0000000080000000, 0x0000000100000000)
  region size 1024K, 6 young (6144K), 6 survivors (6144K)
 Metaspace       used 115614K, committed 116544K, reserved 1179648K
  class space    used 15631K, committed 16064K, reserved 1048576K
}
Event: 334.841 GC heap before
{Heap before GC invocations=44 (full 0):
 garbage-first heap   total 259072K, used 124391K [0x0000000080000000, 0x0000000100000000)
  region size 1024K, 12 young (12288K), 6 survivors (6144K)
 Metaspace       used 115627K, committed 116544K, reserved 1179648K
  class space    used 15631K, committed 16064K, reserved 1048576K
}
Event: 334.858 GC heap after
{Heap after GC invocations=45 (full 0):
 garbage-first heap   total 259072K, used 107465K [0x0000000080000000, 0x0000000100000000)
  region size 1024K, 2 young (2048K), 2 survivors (2048K)
 Metaspace       used 115627K, committed 116544K, reserved 1179648K
  class space    used 15631K, committed 16064K, reserved 1048576K
}
Event: 410.941 GC heap before
{Heap before GC invocations=45 (full 0):
 garbage-first heap   total 259072K, used 200649K [0x0000000080000000, 0x0000000100000000)
  region size 1024K, 92 young (94208K), 2 survivors (2048K)
 Metaspace       used 115995K, committed 116992K, reserved 1179648K
  class space    used 15661K, committed 16128K, reserved 1048576K
}
Event: 410.952 GC heap after
{Heap after GC invocations=46 (full 0):
 garbage-first heap   total 259072K, used 124862K [0x0000000080000000, 0x0000000100000000)
  region size 1024K, 12 young (12288K), 12 survivors (12288K)
 Metaspace       used 115995K, committed 116992K, reserved 1179648K
  class space    used 15661K, committed 16128K, reserved 1048576K
}
Event: 411.058 GC heap before
{Heap before GC invocations=46 (full 0):
 garbage-first heap   total 259072K, used 156606K [0x0000000080000000, 0x0000000100000000)
  region size 1024K, 45 young (46080K), 12 survivors (12288K)
 Metaspace       used 116029K, committed 116992K, reserved 1179648K
  class space    used 15661K, committed 16128K, reserved 1048576K
}
Event: 411.082 GC heap after
{Heap after GC invocations=47 (full 0):
 garbage-first heap   total 259072K, used 143251K [0x0000000080000000, 0x0000000100000000)
  region size 1024K, 11 young (11264K), 11 survivors (11264K)
 Metaspace       used 116029K, committed 116992K, reserved 1179648K
  class space    used 15661K, committed 16128K, reserved 1048576K
}
Event: 412.372 GC heap before
{Heap before GC invocations=48 (full 0):
 garbage-first heap   total 276480K, used 203667K [0x0000000080000000, 0x0000000100000000)
  region size 1024K, 54 young (55296K), 11 survivors (11264K)
 Metaspace       used 116151K, committed 117184K, reserved 1179648K
  class space    used 15664K, committed 16128K, reserved 1048576K
}
Event: 412.382 GC heap after
{Heap after GC invocations=49 (full 0):
 garbage-first heap   total 276480K, used 151170K [0x0000000080000000, 0x0000000100000000)
  region size 1024K, 7 young (7168K), 7 survivors (7168K)
 Metaspace       used 116151K, committed 117184K, reserved 1179648K
  class space    used 15664K, committed 16128K, reserved 1048576K
}
Event: 412.390 GC heap before
{Heap before GC invocations=49 (full 0):
 garbage-first heap   total 276480K, used 156290K [0x0000000080000000, 0x0000000100000000)
  region size 1024K, 13 young (13312K), 7 survivors (7168K)
 Metaspace       used 116151K, committed 117184K, reserved 1179648K
  class space    used 15664K, committed 16128K, reserved 1048576K
}
Event: 412.397 GC heap after
{Heap after GC invocations=50 (full 0):
 garbage-first heap   total 276480K, used 142148K [0x0000000080000000, 0x0000000100000000)
  region size 1024K, 2 young (2048K), 2 survivors (2048K)
 Metaspace       used 116151K, committed 117184K, reserved 1179648K
  class space    used 15664K, committed 16128K, reserved 1048576K
}
Event: 524.290 GC heap before
{Heap before GC invocations=50 (full 0):
 garbage-first heap   total 276480K, used 210756K [0x0000000080000000, 0x0000000100000000)
  region size 1024K, 58 young (59392K), 2 survivors (2048K)
 Metaspace       used 118104K, committed 119104K, reserved 1179648K
  class space    used 15914K, committed 16384K, reserved 1048576K
}
Event: 524.294 GC heap after
{Heap after GC invocations=51 (full 0):
 garbage-first heap   total 276480K, used 144151K [0x0000000080000000, 0x0000000100000000)
  region size 1024K, 4 young (4096K), 4 survivors (4096K)
 Metaspace       used 118104K, committed 119104K, reserved 1179648K
  class space    used 15914K, committed 16384K, reserved 1048576K
}
Event: 524.458 GC heap before
{Heap before GC invocations=51 (full 0):
 garbage-first heap   total 276480K, used 174871K [0x0000000080000000, 0x0000000100000000)
  region size 1024K, 36 young (36864K), 4 survivors (4096K)
 Metaspace       used 118270K, committed 119296K, reserved 1179648K
  class space    used 15927K, committed 16448K, reserved 1048576K
}
Event: 524.465 GC heap after
{Heap after GC invocations=52 (full 0):
 garbage-first heap   total 276480K, used 148479K [0x0000000080000000, 0x0000000100000000)
  region size 1024K, 8 young (8192K), 8 survivors (8192K)
 Metaspace       used 118270K, committed 119296K, reserved 1179648K
  class space    used 15927K, committed 16448K, reserved 1048576K
}
Event: 524.733 GC heap before
{Heap before GC invocations=53 (full 0):
 garbage-first heap   total 276480K, used 199286K [0x0000000080000000, 0x0000000100000000)
  region size 1024K, 70 young (71680K), 8 survivors (8192K)
 Metaspace       used 118448K, committed 119488K, reserved 1179648K
  class space    used 15939K, committed 16448K, reserved 1048576K
}
Event: 524.754 GC heap after
{Heap after GC invocations=54 (full 0):
 garbage-first heap   total 276480K, used 150845K [0x0000000080000000, 0x0000000100000000)
  region size 1024K, 9 young (9216K), 9 survivors (9216K)
 Metaspace       used 118448K, committed 119488K, reserved 1179648K
  class space    used 15939K, committed 16448K, reserved 1048576K
}
Event: 524.776 GC heap before
{Heap before GC invocations=54 (full 0):
 garbage-first heap   total 276480K, used 154941K [0x0000000080000000, 0x0000000100000000)
  region size 1024K, 13 young (13312K), 9 survivors (9216K)
 Metaspace       used 118481K, committed 119552K, reserved 1179648K
  class space    used 15942K, committed 16448K, reserved 1048576K
}
Event: 524.788 GC heap after
{Heap after GC invocations=55 (full 0):
 garbage-first heap   total 276480K, used 135686K [0x0000000080000000, 0x0000000100000000)
  region size 1024K, 2 young (2048K), 2 survivors (2048K)
 Metaspace       used 118481K, committed 119552K, reserved 1179648K
  class space    used 15942K, committed 16448K, reserved 1048576K
}
Event: 525.153 GC heap before
{Heap before GC invocations=55 (full 0):
 garbage-first heap   total 276480K, used 215558K [0x0000000080000000, 0x0000000100000000)
  region size 1024K, 64 young (65536K), 2 survivors (2048K)
 Metaspace       used 119264K, committed 120320K, reserved 1179648K
  class space    used 15990K, committed 16512K, reserved 1048576K
}

