# JRE version: OpenJDK Runtime Environment (17.0.11) (build 17.0.11+0--11852314)
# Java VM: OpenJDK 64-Bit Server VM (17.0.11+0--11852314, mixed mode, tiered, compressed oops, compressed class ptrs, g1 gc, windows-amd64)
GC Precious Log:
 CPUs: 6 total, 6 available
 Memory: 8103M
 Large Page Support: Disabled
 NUMA Support: Disabled
 Compressed Oops: Enabled (32-bit)
 Heap Region Size: 1M
 Heap Min Capacity: 8M
 Heap Initial Capacity: 128M
 Heap Max Capacity: 2G
 Pre-touch: Disabled
 Parallel Workers: 6
 Concurrent Workers: 2
 Concurrent Refinement Workers: 6
 Periodic GC: Disabled
Heap:
 garbage-first heap   total 270336K, used 110075K [0x0000000080000000, 0x0000000100000000)
  region size 1024K, 5 young (5120K), 5 survivors (5120K)
 Metaspace       used 136221K, committed 137344K, reserved 1179648K
  class space    used 18715K, committed 19264K, reserved 1048576K
GC Heap History (20 events):
Event: 411.715 GC heap after
{Heap after GC invocations=56 (full 0):
 garbage-first heap   total 270336K, used 117669K [0x0000000080000000, 0x0000000100000000)
  region size 1024K, 2 young (2048K), 2 survivors (2048K)
 Metaspace       used 134284K, committed 135232K, reserved 1179648K
  class space    used 18550K, committed 19008K, reserved 1048576K
}
Event: 411.745 GC heap before
{Heap before GC invocations=56 (full 0):
 garbage-first heap   total 270336K, used 122789K [0x0000000080000000, 0x0000000100000000)
  region size 1024K, 8 young (8192K), 2 survivors (2048K)
 Metaspace       used 134320K, committed 135232K, reserved 1179648K
  class space    used 18552K, committed 19008K, reserved 1048576K
}
Event: 411.746 GC heap after
{Heap after GC invocations=57 (full 0):
 garbage-first heap   total 270336K, used 117448K [0x0000000080000000, 0x0000000100000000)
  region size 1024K, 2 young (2048K), 2 survivors (2048K)
 Metaspace       used 134320K, committed 135232K, reserved 1179648K
  class space    used 18552K, committed 19008K, reserved 1048576K
}
Event: 416.771 GC heap before
{Heap before GC invocations=58 (full 0):
 garbage-first heap   total 270336K, used 233160K [0x0000000080000000, 0x0000000100000000)
  region size 1024K, 100 young (102400K), 2 survivors (2048K)
 Metaspace       used 134980K, committed 135936K, reserved 1179648K
  class space    used 18648K, committed 19136K, reserved 1048576K
}
Event: 416.777 GC heap after
{Heap after GC invocations=59 (full 0):
 garbage-first heap   total 270336K, used 118254K [0x0000000080000000, 0x0000000100000000)
  region size 1024K, 6 young (6144K), 6 survivors (6144K)
 Metaspace       used 134980K, committed 135936K, reserved 1179648K
  class space    used 18648K, committed 19136K, reserved 1048576K
}
Event: 416.809 GC heap before
{Heap before GC invocations=59 (full 0):
 garbage-first heap   total 270336K, used 125422K [0x0000000080000000, 0x0000000100000000)
  region size 1024K, 13 young (13312K), 6 survivors (6144K)
 Metaspace       used 135004K, committed 136000K, reserved 1179648K
  class space    used 18648K, committed 19136K, reserved 1048576K
}
Event: 416.818 GC heap after
{Heap after GC invocations=60 (full 0):
 garbage-first heap   total 270336K, used 105174K [0x0000000080000000, 0x0000000100000000)
  region size 1024K, 1 young (1024K), 1 survivors (1024K)
 Metaspace       used 135004K, committed 136000K, reserved 1179648K
  class space    used 18648K, committed 19136K, reserved 1048576K
}
Event: 424.454 GC heap before
{Heap before GC invocations=60 (full 0):
 garbage-first heap   total 270336K, used 209622K [0x0000000080000000, 0x0000000100000000)
  region size 1024K, 105 young (107520K), 1 survivors (1024K)
 Metaspace       used 135541K, committed 136640K, reserved 1179648K
  class space    used 18687K, committed 19200K, reserved 1048576K
}
Event: 424.463 GC heap after
{Heap after GC invocations=61 (full 0):
 garbage-first heap   total 270336K, used 116371K [0x0000000080000000, 0x0000000100000000)
  region size 1024K, 12 young (12288K), 12 survivors (12288K)
 Metaspace       used 135541K, committed 136640K, reserved 1179648K
  class space    used 18687K, committed 19200K, reserved 1048576K
}
Event: 437.882 GC heap before
{Heap before GC invocations=62 (full 0):
 garbage-first heap   total 270336K, used 235155K [0x0000000080000000, 0x0000000100000000)
  region size 1024K, 110 young (112640K), 12 survivors (12288K)
 Metaspace       used 135755K, committed 136832K, reserved 1179648K
  class space    used 18693K, committed 19200K, reserved 1048576K
}
Event: 437.889 GC heap after
{Heap after GC invocations=63 (full 0):
 garbage-first heap   total 270336K, used 113714K [0x0000000080000000, 0x0000000100000000)
  region size 1024K, 4 young (4096K), 4 survivors (4096K)
 Metaspace       used 135755K, committed 136832K, reserved 1179648K
  class space    used 18693K, committed 19200K, reserved 1048576K
}
Event: 437.943 GC heap before
{Heap before GC invocations=63 (full 0):
 garbage-first heap   total 270336K, used 122930K [0x0000000080000000, 0x0000000100000000)
  region size 1024K, 13 young (13312K), 4 survivors (4096K)
 Metaspace       used 135839K, committed 136960K, reserved 1179648K
  class space    used 18701K, committed 19264K, reserved 1048576K
}
Event: 437.952 GC heap after
{Heap after GC invocations=64 (full 0):
 garbage-first heap   total 270336K, used 108054K [0x0000000080000000, 0x0000000100000000)
  region size 1024K, 2 young (2048K), 2 survivors (2048K)
 Metaspace       used 135839K, committed 136960K, reserved 1179648K
  class space    used 18701K, committed 19264K, reserved 1048576K
}
Event: 438.064 GC heap before
{Heap before GC invocations=64 (full 0):
 garbage-first heap   total 270336K, used 123414K [0x0000000080000000, 0x0000000100000000)
  region size 1024K, 19 young (19456K), 2 survivors (2048K)
 Metaspace       used 135946K, committed 137088K, reserved 1179648K
  class space    used 18707K, committed 19264K, reserved 1048576K
}
Event: 438.072 GC heap after
{Heap after GC invocations=65 (full 0):
 garbage-first heap   total 270336K, used 110039K [0x0000000080000000, 0x0000000100000000)
  region size 1024K, 4 young (4096K), 4 survivors (4096K)
 Metaspace       used 135946K, committed 137088K, reserved 1179648K
  class space    used 18707K, committed 19264K, reserved 1048576K
}
Event: 460.134 GC heap before
{Heap before GC invocations=66 (full 0):
 garbage-first heap   total 270336K, used 218583K [0x0000000080000000, 0x0000000100000000)
  region size 1024K, 94 young (96256K), 4 survivors (4096K)
 Metaspace       used 136088K, committed 137216K, reserved 1179648K
  class space    used 18711K, committed 19264K, reserved 1048576K
}
Event: 460.139 GC heap after
{Heap after GC invocations=67 (full 0):
 garbage-first heap   total 270336K, used 111242K [0x0000000080000000, 0x0000000100000000)
  region size 1024K, 8 young (8192K), 8 survivors (8192K)
 Metaspace       used 136088K, committed 137216K, reserved 1179648K
  class space    used 18711K, committed 19264K, reserved 1048576K
}
Event: 460.156 GC heap before
{Heap before GC invocations=67 (full 0):
 garbage-first heap   total 270336K, used 115338K [0x0000000080000000, 0x0000000100000000)
  region size 1024K, 13 young (13312K), 8 survivors (8192K)
 Metaspace       used 136088K, committed 137216K, reserved 1179648K
  class space    used 18711K, committed 19264K, reserved 1048576K
}
Event: 460.162 GC heap after
{Heap after GC invocations=68 (full 0):
 garbage-first heap   total 270336K, used 106587K [0x0000000080000000, 0x0000000100000000)
  region size 1024K, 2 young (2048K), 2 survivors (2048K)
 Metaspace       used 136088K, committed 137216K, reserved 1179648K
  class space    used 18711K, committed 19264K, reserved 1048576K
}
Event: 460.322 GC heap before
{Heap before GC invocations=68 (full 0):
 garbage-first heap   total 270336K, used 134235K [0x0000000080000000, 0x0000000100000000)
  region size 1024K, 31 young (31744K), 2 survivors (2048K)
 Metaspace       used 136221K, committed 137344K, reserved 1179648K
  class space    used 18715K, committed 19264K, reserved 1048576K
}

