# JRE version: OpenJDK Runtime Environment (17.0.11) (build 17.0.11+0--11852314)
# Java VM: OpenJDK 64-Bit Server VM (17.0.11+0--11852314, mixed mode, tiered, compressed oops, compressed class ptrs, g1 gc, windows-amd64)
GC Precious Log:
 CPUs: 6 total, 6 available
 Memory: 8103M
 Large Page Support: Disabled
 NUMA Support: Disabled
 Compressed Oops: Enabled (32-bit)
 Heap Region Size: 1M
 Heap Min Capacity: 8M
 Heap Initial Capacity: 128M
 Heap Max Capacity: 2G
 Pre-touch: Disabled
 Parallel Workers: 6
 Concurrent Workers: 2
 Concurrent Refinement Workers: 6
 Periodic GC: Disabled
Heap:
 garbage-first heap   total 506880K, used 134443K [0x0000000080000000, 0x0000000100000000)
  region size 1024K, 2 young (2048K), 2 survivors (2048K)
 Metaspace       used 139074K, committed 140480K, reserved 1179648K
  class space    used 19025K, committed 19712K, reserved 1048576K
GC Heap History (20 events):
Event: 558.299 GC heap after
{Heap after GC invocations=52 (full 0):
 garbage-first heap   total 464896K, used 120319K [0x0000000080000000, 0x0000000100000000)
  region size 1024K, 2 young (2048K), 2 survivors (2048K)
 Metaspace       used 136812K, committed 137856K, reserved 1179648K
  class space    used 18809K, committed 19328K, reserved 1048576K
}
Event: 558.308 GC heap before
{Heap before GC invocations=52 (full 0):
 garbage-first heap   total 464896K, used 121343K [0x0000000080000000, 0x0000000100000000)
  region size 1024K, 4 young (4096K), 2 survivors (2048K)
 Metaspace       used 136812K, committed 137856K, reserved 1179648K
  class space    used 18809K, committed 19328K, reserved 1048576K
}
Event: 558.310 GC heap after
{Heap after GC invocations=53 (full 0):
 garbage-first heap   total 464896K, used 119606K [0x0000000080000000, 0x0000000100000000)
  region size 1024K, 1 young (1024K), 1 survivors (1024K)
 Metaspace       used 136812K, committed 137856K, reserved 1179648K
  class space    used 18809K, committed 19328K, reserved 1048576K
}
Event: 806.825 GC heap before
{Heap before GC invocations=54 (full 0):
 garbage-first heap   total 460800K, used 355126K [0x0000000080000000, 0x0000000100000000)
  region size 1024K, 199 young (203776K), 1 survivors (1024K)
 Metaspace       used 137283K, committed 138432K, reserved 1179648K
  class space    used 18830K, committed 19392K, reserved 1048576K
}
Event: 806.847 GC heap after
{Heap after GC invocations=55 (full 0):
 garbage-first heap   total 460800K, used 141364K [0x0000000080000000, 0x0000000100000000)
  region size 1024K, 21 young (21504K), 21 survivors (21504K)
 Metaspace       used 137283K, committed 138432K, reserved 1179648K
  class space    used 18830K, committed 19392K, reserved 1048576K
}
Event: 806.851 GC heap before
{Heap before GC invocations=55 (full 0):
 garbage-first heap   total 460800K, used 142388K [0x0000000080000000, 0x0000000100000000)
  region size 1024K, 22 young (22528K), 21 survivors (21504K)
 Metaspace       used 137294K, committed 138432K, reserved 1179648K
  class space    used 18830K, committed 19392K, reserved 1048576K
}
Event: 806.862 GC heap after
{Heap after GC invocations=56 (full 0):
 garbage-first heap   total 460800K, used 137372K [0x0000000080000000, 0x0000000100000000)
  region size 1024K, 2 young (2048K), 2 survivors (2048K)
 Metaspace       used 137294K, committed 138432K, reserved 1179648K
  class space    used 18830K, committed 19392K, reserved 1048576K
}
Event: 806.974 GC heap before
{Heap before GC invocations=56 (full 0):
 garbage-first heap   total 460800K, used 155804K [0x0000000080000000, 0x0000000100000000)
  region size 1024K, 22 young (22528K), 2 survivors (2048K)
 Metaspace       used 137356K, committed 138496K, reserved 1179648K
  class space    used 18830K, committed 19392K, reserved 1048576K
}
Event: 806.977 GC heap after
{Heap after GC invocations=57 (full 0):
 garbage-first heap   total 460800K, used 137596K [0x0000000080000000, 0x0000000100000000)
  region size 1024K, 3 young (3072K), 3 survivors (3072K)
 Metaspace       used 137356K, committed 138496K, reserved 1179648K
  class space    used 18830K, committed 19392K, reserved 1048576K
}
Event: 1230.542 GC heap before
{Heap before GC invocations=58 (full 0):
 garbage-first heap   total 460800K, used 350588K [0x0000000080000000, 0x0000000100000000)
  region size 1024K, 186 young (190464K), 3 survivors (3072K)
 Metaspace       used 138053K, committed 139264K, reserved 1179648K
  class space    used 18875K, committed 19456K, reserved 1048576K
}
Event: 1230.549 GC heap after
{Heap after GC invocations=59 (full 0):
 garbage-first heap   total 460800K, used 144818K [0x0000000080000000, 0x0000000100000000)
  region size 1024K, 8 young (8192K), 8 survivors (8192K)
 Metaspace       used 138053K, committed 139264K, reserved 1179648K
  class space    used 18875K, committed 19456K, reserved 1048576K
}
Event: 1230.631 GC heap before
{Heap before GC invocations=59 (full 0):
 garbage-first heap   total 460800K, used 158130K [0x0000000080000000, 0x0000000100000000)
  region size 1024K, 22 young (22528K), 8 survivors (8192K)
 Metaspace       used 138177K, committed 139392K, reserved 1179648K
  class space    used 18900K, committed 19520K, reserved 1048576K
}
Event: 1230.639 GC heap after
{Heap after GC invocations=60 (full 0):
 garbage-first heap   total 460800K, used 133674K [0x0000000080000000, 0x0000000100000000)
  region size 1024K, 3 young (3072K), 3 survivors (3072K)
 Metaspace       used 138177K, committed 139392K, reserved 1179648K
  class space    used 18900K, committed 19520K, reserved 1048576K
}
Event: 1230.642 GC heap before
{Heap before GC invocations=60 (full 0):
 garbage-first heap   total 460800K, used 133674K [0x0000000080000000, 0x0000000100000000)
  region size 1024K, 4 young (4096K), 3 survivors (3072K)
 Metaspace       used 138181K, committed 139392K, reserved 1179648K
  class space    used 18900K, committed 19520K, reserved 1048576K
}
Event: 1230.645 GC heap after
{Heap after GC invocations=61 (full 0):
 garbage-first heap   total 460800K, used 133363K [0x0000000080000000, 0x0000000100000000)
  region size 1024K, 2 young (2048K), 2 survivors (2048K)
 Metaspace       used 138181K, committed 139392K, reserved 1179648K
  class space    used 18900K, committed 19520K, reserved 1048576K
}
Event: 1257.600 GC heap before
{Heap before GC invocations=62 (full 0):
 garbage-first heap   total 460800K, used 379123K [0x0000000080000000, 0x0000000100000000)
  region size 1024K, 213 young (218112K), 2 survivors (2048K)
 Metaspace       used 138963K, committed 140416K, reserved 1179648K
  class space    used 19023K, committed 19712K, reserved 1048576K
}
Event: 1257.614 GC heap after
{Heap after GC invocations=63 (full 0):
 garbage-first heap   total 460800K, used 151358K [0x0000000080000000, 0x0000000100000000)
  region size 1024K, 21 young (21504K), 21 survivors (21504K)
 Metaspace       used 138963K, committed 140416K, reserved 1179648K
  class space    used 19023K, committed 19712K, reserved 1048576K
}
Event: 1257.621 GC heap before
{Heap before GC invocations=63 (full 0):
 garbage-first heap   total 460800K, used 152382K [0x0000000080000000, 0x0000000100000000)
  region size 1024K, 22 young (22528K), 21 survivors (21504K)
 Metaspace       used 138973K, committed 140416K, reserved 1179648K
  class space    used 19023K, committed 19712K, reserved 1048576K
}
Event: 1257.635 GC heap after
{Heap after GC invocations=64 (full 0):
 garbage-first heap   total 460800K, used 134588K [0x0000000080000000, 0x0000000100000000)
  region size 1024K, 2 young (2048K), 2 survivors (2048K)
 Metaspace       used 138973K, committed 140416K, reserved 1179648K
  class space    used 19023K, committed 19712K, reserved 1048576K
}
Event: 1257.761 GC heap before
{Heap before GC invocations=64 (full 0):
 garbage-first heap   total 460800K, used 156092K [0x0000000080000000, 0x0000000100000000)
  region size 1024K, 25 young (25600K), 2 survivors (2048K)
 Metaspace       used 139074K, committed 140480K, reserved 1179648K
  class space    used 19025K, committed 19712K, reserved 1048576K
}

