# JRE version: OpenJDK Runtime Environment (17.0.11) (build 17.0.11+0--11852314)
# Java VM: OpenJDK 64-Bit Server VM (17.0.11+0--11852314, mixed mode, tiered, compressed oops, compressed class ptrs, g1 gc, windows-amd64)
GC Precious Log:
 CPUs: 6 total, 6 available
 Memory: 8103M
 Large Page Support: Disabled
 NUMA Support: Disabled
 Compressed Oops: Enabled (32-bit)
 Heap Region Size: 1M
 Heap Min Capacity: 8M
 Heap Initial Capacity: 128M
 Heap Max Capacity: 2G
 Pre-touch: Disabled
 Parallel Workers: 6
 Concurrent Workers: 2
 Concurrent Refinement Workers: 6
 Periodic GC: Disabled
Heap:
 garbage-first heap   total 419840K, used 309245K [0x0000000080000000, 0x0000000100000000)
  region size 1024K, 5 young (5120K), 5 survivors (5120K)
 Metaspace       used 146989K, committed 149120K, reserved 1179648K
  class space    used 19701K, committed 20736K, reserved 1048576K
GC Heap History (20 events):
Event: 1387.277 GC heap after
{Heap after GC invocations=67 (full 0):
 garbage-first heap   total 419840K, used 218508K [0x0000000080000000, 0x0000000100000000)
  region size 1024K, 22 young (22528K), 22 survivors (22528K)
 Metaspace       used 143580K, committed 145600K, reserved 1179648K
  class space    used 19433K, committed 20416K, reserved 1048576K
}
Event: 1387.822 GC heap before
{Heap before GC invocations=67 (full 0):
 garbage-first heap   total 419840K, used 347532K [0x0000000080000000, 0x0000000100000000)
  region size 1024K, 132 young (135168K), 22 survivors (22528K)
 Metaspace       used 146078K, committed 148096K, reserved 1179648K
  class space    used 19655K, committed 20672K, reserved 1048576K
}
Event: 1387.847 GC heap after
{Heap after GC invocations=68 (full 0):
 garbage-first heap   total 419840K, used 233262K [0x0000000080000000, 0x0000000100000000)
  region size 1024K, 14 young (14336K), 14 survivors (14336K)
 Metaspace       used 146078K, committed 148096K, reserved 1179648K
  class space    used 19655K, committed 20672K, reserved 1048576K
}
Event: 1399.316 GC heap before
{Heap before GC invocations=68 (full 0):
 garbage-first heap   total 419840K, used 333614K [0x0000000080000000, 0x0000000100000000)
  region size 1024K, 113 young (115712K), 14 survivors (14336K)
 Metaspace       used 146676K, committed 148672K, reserved 1179648K
  class space    used 19699K, committed 20672K, reserved 1048576K
}
Event: 1399.319 GC heap after
{Heap after GC invocations=69 (full 0):
 garbage-first heap   total 419840K, used 224256K [0x0000000080000000, 0x0000000100000000)
  region size 1024K, 2 young (2048K), 2 survivors (2048K)
 Metaspace       used 146676K, committed 148672K, reserved 1179648K
  class space    used 19699K, committed 20672K, reserved 1048576K
}
Event: 1399.917 GC heap before
{Heap before GC invocations=69 (full 0):
 garbage-first heap   total 419840K, used 358399K [0x0000000080000000, 0x0000000100000000)
  region size 1024K, 117 young (119808K), 2 survivors (2048K)
 Metaspace       used 146742K, committed 148800K, reserved 1179648K
  class space    used 19700K, committed 20736K, reserved 1048576K
}
Event: 1399.935 GC heap after
{Heap after GC invocations=70 (full 0):
 garbage-first heap   total 419840K, used 258229K [0x0000000080000000, 0x0000000100000000)
  region size 1024K, 15 young (15360K), 15 survivors (15360K)
 Metaspace       used 146742K, committed 148800K, reserved 1179648K
  class space    used 19700K, committed 20736K, reserved 1048576K
}
Event: 1400.222 GC heap before
{Heap before GC invocations=70 (full 0):
 garbage-first heap   total 419840K, used 349365K [0x0000000080000000, 0x0000000100000000)
  region size 1024K, 88 young (90112K), 15 survivors (15360K)
 Metaspace       used 146772K, committed 148864K, reserved 1179648K
  class space    used 19700K, committed 20736K, reserved 1048576K
}
Event: 1400.236 GC heap after
{Heap after GC invocations=71 (full 0):
 garbage-first heap   total 419840K, used 268205K [0x0000000080000000, 0x0000000100000000)
  region size 1024K, 9 young (9216K), 9 survivors (9216K)
 Metaspace       used 146772K, committed 148864K, reserved 1179648K
  class space    used 19700K, committed 20736K, reserved 1048576K
}
Event: 1400.358 GC heap before
{Heap before GC invocations=71 (full 0):
 garbage-first heap   total 419840K, used 339885K [0x0000000080000000, 0x0000000100000000)
  region size 1024K, 79 young (80896K), 9 survivors (9216K)
 Metaspace       used 146816K, committed 148928K, reserved 1179648K
  class space    used 19700K, committed 20736K, reserved 1048576K
}
Event: 1400.375 GC heap after
{Heap after GC invocations=72 (full 0):
 garbage-first heap   total 419840K, used 279002K [0x0000000080000000, 0x0000000100000000)
  region size 1024K, 10 young (10240K), 10 survivors (10240K)
 Metaspace       used 146816K, committed 148928K, reserved 1179648K
  class space    used 19700K, committed 20736K, reserved 1048576K
}
Event: 1540.962 GC heap before
{Heap before GC invocations=72 (full 0):
 garbage-first heap   total 419840K, used 343514K [0x0000000080000000, 0x0000000100000000)
  region size 1024K, 74 young (75776K), 10 survivors (10240K)
 Metaspace       used 146875K, committed 148928K, reserved 1179648K
  class space    used 19700K, committed 20736K, reserved 1048576K
}
Event: 1540.966 GC heap after
{Heap after GC invocations=73 (full 0):
 garbage-first heap   total 419840K, used 274329K [0x0000000080000000, 0x0000000100000000)
  region size 1024K, 2 young (2048K), 2 survivors (2048K)
 Metaspace       used 146875K, committed 148928K, reserved 1179648K
  class space    used 19700K, committed 20736K, reserved 1048576K
}
Event: 1546.036 GC heap before
{Heap before GC invocations=73 (full 0):
 garbage-first heap   total 419840K, used 350105K [0x0000000080000000, 0x0000000100000000)
  region size 1024K, 74 young (75776K), 2 survivors (2048K)
 Metaspace       used 146922K, committed 148992K, reserved 1179648K
  class space    used 19700K, committed 20736K, reserved 1048576K
}
Event: 1546.054 GC heap after
{Heap after GC invocations=74 (full 0):
 garbage-first heap   total 419840K, used 297718K [0x0000000080000000, 0x0000000100000000)
  region size 1024K, 10 young (10240K), 10 survivors (10240K)
 Metaspace       used 146922K, committed 148992K, reserved 1179648K
  class space    used 19700K, committed 20736K, reserved 1048576K
}
Event: 1547.362 GC heap before
{Heap before GC invocations=74 (full 0):
 garbage-first heap   total 419840K, used 359158K [0x0000000080000000, 0x0000000100000000)
  region size 1024K, 54 young (55296K), 10 survivors (10240K)
 Metaspace       used 146933K, committed 148992K, reserved 1179648K
  class space    used 19700K, committed 20736K, reserved 1048576K
}
Event: 1547.373 GC heap after
{Heap after GC invocations=75 (full 0):
 garbage-first heap   total 419840K, used 305486K [0x0000000080000000, 0x0000000100000000)
  region size 1024K, 7 young (7168K), 7 survivors (7168K)
 Metaspace       used 146933K, committed 148992K, reserved 1179648K
  class space    used 19700K, committed 20736K, reserved 1048576K
}
Event: 1547.526 GC heap before
{Heap before GC invocations=75 (full 0):
 garbage-first heap   total 419840K, used 358734K [0x0000000080000000, 0x0000000100000000)
  region size 1024K, 48 young (49152K), 7 survivors (7168K)
 Metaspace       used 146942K, committed 149056K, reserved 1179648K
  class space    used 19701K, committed 20736K, reserved 1048576K
}
Event: 1547.532 GC heap after
{Heap after GC invocations=76 (full 0):
 garbage-first heap   total 419840K, used 305152K [0x0000000080000000, 0x0000000100000000)
  region size 1024K, 1 young (1024K), 1 survivors (1024K)
 Metaspace       used 146942K, committed 149056K, reserved 1179648K
  class space    used 19701K, committed 20736K, reserved 1048576K
}
Event: 1881.149 GC heap before
{Heap before GC invocations=76 (full 0):
 garbage-first heap   total 419840K, used 352256K [0x0000000080000000, 0x0000000100000000)
  region size 1024K, 47 young (48128K), 1 survivors (1024K)
 Metaspace       used 146989K, committed 149120K, reserved 1179648K
  class space    used 19701K, committed 20736K, reserved 1048576K
}

